mode: set
e-complaint-api/usecases/category/category.go:13.85,15.2 1 1
e-complaint-api/usecases/category/category.go:17.66,19.16 2 1
e-complaint-api/usecases/category/category.go:19.16,21.3 1 1
e-complaint-api/usecases/category/category.go:23.2,23.24 1 1
e-complaint-api/usecases/category/category.go:26.71,28.16 2 1
e-complaint-api/usecases/category/category.go:28.16,29.52 1 1
e-complaint-api/usecases/category/category.go:29.52,31.4 1 1
e-complaint-api/usecases/category/category.go:32.3,32.63 1 1
e-complaint-api/usecases/category/category.go:35.2,35.22 1 1
e-complaint-api/usecases/category/category.go:38.100,40.16 2 1
e-complaint-api/usecases/category/category.go:40.16,42.3 1 1
e-complaint-api/usecases/category/category.go:44.2,44.21 1 1
e-complaint-api/usecases/category/category.go:44.21,46.3 1 1
e-complaint-api/usecases/category/category.go:48.2,48.55 1 1
e-complaint-api/usecases/category/category.go:48.55,50.3 1 1
e-complaint-api/usecases/category/category.go:52.2,52.22 1 1
e-complaint-api/usecases/category/category.go:55.111,58.16 2 1
e-complaint-api/usecases/category/category.go:58.16,60.3 1 1
e-complaint-api/usecases/category/category.go:62.2,62.61 1 1
e-complaint-api/usecases/category/category.go:62.61,64.3 1 1
e-complaint-api/usecases/category/category.go:66.2,66.28 1 1
e-complaint-api/usecases/category/category.go:66.28,68.3 1 1
e-complaint-api/usecases/category/category.go:70.2,70.35 1 1
e-complaint-api/usecases/category/category.go:70.35,72.3 1 1
e-complaint-api/usecases/category/category.go:74.2,74.106 1 1
e-complaint-api/usecases/category/category.go:74.106,76.3 1 1
e-complaint-api/usecases/category/category.go:78.2,79.16 2 1
e-complaint-api/usecases/category/category.go:79.16,81.3 1 1
e-complaint-api/usecases/category/category.go:83.2,83.29 1 1
e-complaint-api/usecases/category/category.go:86.57,88.16 2 1
e-complaint-api/usecases/category/category.go:88.16,90.3 1 1
e-complaint-api/usecases/category/category.go:91.2,92.16 2 1
e-complaint-api/usecases/category/category.go:92.16,94.3 1 1
e-complaint-api/usecases/category/category.go:95.2,95.12 1 1
e-complaint-api/usecases/chatbot/chatbot.go:15.229,22.2 1 1
e-complaint-api/usecases/chatbot/chatbot.go:24.77,26.16 2 1
e-complaint-api/usecases/chatbot/chatbot.go:26.16,28.3 1 1
e-complaint-api/usecases/chatbot/chatbot.go:30.2,31.16 2 1
e-complaint-api/usecases/chatbot/chatbot.go:31.16,33.3 1 1
e-complaint-api/usecases/chatbot/chatbot.go:35.2,37.24 3 1
e-complaint-api/usecases/chatbot/chatbot.go:37.24,41.3 3 1
e-complaint-api/usecases/chatbot/chatbot.go:42.2,44.26 2 1
e-complaint-api/usecases/chatbot/chatbot.go:44.26,46.35 2 1
e-complaint-api/usecases/chatbot/chatbot.go:46.35,50.4 3 1
e-complaint-api/usecases/chatbot/chatbot.go:51.3,51.35 1 1
e-complaint-api/usecases/chatbot/chatbot.go:54.2,57.16 3 1
e-complaint-api/usecases/chatbot/chatbot.go:57.16,59.3 1 1
e-complaint-api/usecases/chatbot/chatbot.go:61.2,64.16 3 1
e-complaint-api/usecases/chatbot/chatbot.go:64.16,66.3 1 1
e-complaint-api/usecases/chatbot/chatbot.go:68.2,68.12 1 1
e-complaint-api/usecases/chatbot/chatbot.go:71.77,73.16 2 1
e-complaint-api/usecases/chatbot/chatbot.go:73.16,75.3 1 1
e-complaint-api/usecases/chatbot/chatbot.go:77.2,77.22 1 1
e-complaint-api/usecases/chatbot/chatbot.go:80.57,82.16 2 1
e-complaint-api/usecases/chatbot/chatbot.go:82.16,84.3 1 1
e-complaint-api/usecases/chatbot/chatbot.go:86.2,86.12 1 1
e-complaint-api/usecases/admin/admin.go:15.82,19.2 1 1
e-complaint-api/usecases/admin/admin.go:21.85,22.98 1 1
e-complaint-api/usecases/admin/admin.go:22.98,24.3 1 1
e-complaint-api/usecases/admin/admin.go:26.2,26.29 1 1
e-complaint-api/usecases/admin/admin.go:26.29,28.3 1 1
e-complaint-api/usecases/admin/admin.go:30.2,32.16 2 1
e-complaint-api/usecases/admin/admin.go:32.16,33.47 1 1
e-complaint-api/usecases/admin/admin.go:33.47,35.4 1 1
e-complaint-api/usecases/admin/admin.go:35.9,35.57 1 1
e-complaint-api/usecases/admin/admin.go:35.57,37.4 1 1
e-complaint-api/usecases/admin/admin.go:37.9,39.4 1 1
e-complaint-api/usecases/admin/admin.go:42.2,42.20 1 1
e-complaint-api/usecases/admin/admin.go:45.77,46.47 1 1
e-complaint-api/usecases/admin/admin.go:46.47,48.3 1 1
e-complaint-api/usecases/admin/admin.go:50.2,51.16 2 1
e-complaint-api/usecases/admin/admin.go:51.16,53.3 1 1
e-complaint-api/usecases/admin/admin.go:55.2,55.24 1 1
e-complaint-api/usecases/admin/admin.go:55.24,57.3 1 1
e-complaint-api/usecases/admin/admin.go:57.8,59.3 1 1
e-complaint-api/usecases/admin/admin.go:61.2,61.20 1 1
e-complaint-api/usecases/admin/admin.go:64.65,66.16 2 1
e-complaint-api/usecases/admin/admin.go:66.16,68.3 1 1
e-complaint-api/usecases/admin/admin.go:70.2,71.34 2 1
e-complaint-api/usecases/admin/admin.go:71.34,73.3 1 1
e-complaint-api/usecases/admin/admin.go:75.2,75.25 1 1
e-complaint-api/usecases/admin/admin.go:78.70,80.18 2 1
e-complaint-api/usecases/admin/admin.go:80.18,82.3 1 1
e-complaint-api/usecases/admin/admin.go:84.2,84.19 1 1
e-complaint-api/usecases/admin/admin.go:87.50,90.18 2 1
e-complaint-api/usecases/admin/admin.go:90.18,92.3 1 1
e-complaint-api/usecases/admin/admin.go:94.2,95.16 2 1
e-complaint-api/usecases/admin/admin.go:95.16,97.3 1 1
e-complaint-api/usecases/admin/admin.go:99.2,99.12 1 1
e-complaint-api/usecases/admin/admin.go:102.91,104.16 2 1
e-complaint-api/usecases/admin/admin.go:104.16,105.49 1 1
e-complaint-api/usecases/admin/admin.go:105.49,107.4 1 1
e-complaint-api/usecases/admin/admin.go:108.3,108.60 1 1
e-complaint-api/usecases/admin/admin.go:112.2,112.61 1 1
e-complaint-api/usecases/admin/admin.go:112.61,114.73 2 1
e-complaint-api/usecases/admin/admin.go:114.73,116.4 1 1
e-complaint-api/usecases/admin/admin.go:119.2,122.58 2 1
e-complaint-api/usecases/admin/admin.go:122.58,125.3 2 1
e-complaint-api/usecases/admin/admin.go:126.2,126.61 1 1
e-complaint-api/usecases/admin/admin.go:126.61,129.3 2 1
e-complaint-api/usecases/admin/admin.go:130.2,130.91 1 1
e-complaint-api/usecases/admin/admin.go:130.91,133.3 2 1
e-complaint-api/usecases/admin/admin.go:134.2,134.26 1 1
e-complaint-api/usecases/admin/admin.go:134.26,137.3 2 1
e-complaint-api/usecases/admin/admin.go:139.2,139.16 1 1
e-complaint-api/usecases/admin/admin.go:139.16,141.3 1 1
e-complaint-api/usecases/admin/admin.go:143.2,143.29 1 1
e-complaint-api/usecases/admin/admin.go:143.29,145.3 1 1
e-complaint-api/usecases/admin/admin.go:147.2,148.16 2 1
e-complaint-api/usecases/admin/admin.go:148.16,150.3 1 1
e-complaint-api/usecases/admin/admin.go:152.2,152.28 1 1
e-complaint-api/usecases/complaint_activity/complaint_activity.go:11.112,15.2 1 1
e-complaint-api/usecases/complaint_activity/complaint_activity.go:17.136,19.16 2 1
e-complaint-api/usecases/complaint_activity/complaint_activity.go:19.16,21.3 1 1
e-complaint-api/usecases/complaint_activity/complaint_activity.go:23.2,23.33 1 1
e-complaint-api/usecases/complaint_activity/complaint_activity.go:26.126,28.16 2 1
e-complaint-api/usecases/complaint_activity/complaint_activity.go:28.16,30.3 1 1
e-complaint-api/usecases/complaint_activity/complaint_activity.go:32.2,32.32 1 1
e-complaint-api/usecases/complaint_activity/complaint_activity.go:35.95,37.16 2 1
e-complaint-api/usecases/complaint_activity/complaint_activity.go:37.16,39.3 1 1
e-complaint-api/usecases/complaint_activity/complaint_activity.go:41.2,41.12 1 1
e-complaint-api/usecases/complaint_activity/complaint_activity.go:44.95,46.16 2 1
e-complaint-api/usecases/complaint_activity/complaint_activity.go:46.16,48.3 1 1
e-complaint-api/usecases/complaint_activity/complaint_activity.go:50.2,50.12 1 1
e-complaint-api/usecases/complaint/complaint.go:19.158,25.2 1 1
e-complaint-api/usecases/complaint/complaint.go:27.170,28.29 1 1
e-complaint-api/usecases/complaint/complaint.go:28.29,30.3 1 1
e-complaint-api/usecases/complaint/complaint.go:30.8,30.36 1 1
e-complaint-api/usecases/complaint/complaint.go:30.36,32.3 1 1
e-complaint-api/usecases/complaint/complaint.go:34.2,34.18 1 1
e-complaint-api/usecases/complaint/complaint.go:34.18,36.3 1 1
e-complaint-api/usecases/complaint/complaint.go:38.2,38.20 1 1
e-complaint-api/usecases/complaint/complaint.go:38.20,40.3 1 1
e-complaint-api/usecases/complaint/complaint.go:42.2,43.16 2 1
e-complaint-api/usecases/complaint/complaint.go:43.16,45.3 1 1
e-complaint-api/usecases/complaint/complaint.go:47.2,47.24 1 1
e-complaint-api/usecases/complaint/complaint.go:50.134,54.16 3 1
e-complaint-api/usecases/complaint/complaint.go:54.16,56.3 1 1
e-complaint-api/usecases/complaint/complaint.go:58.2,58.29 1 1
e-complaint-api/usecases/complaint/complaint.go:58.29,62.30 4 1
e-complaint-api/usecases/complaint/complaint.go:62.30,65.4 2 1
e-complaint-api/usecases/complaint/complaint.go:65.9,65.59 1 1
e-complaint-api/usecases/complaint/complaint.go:65.59,67.4 1 1
e-complaint-api/usecases/complaint/complaint.go:67.9,69.4 1 1
e-complaint-api/usecases/complaint/complaint.go:71.3,71.15 1 1
e-complaint-api/usecases/complaint/complaint.go:71.15,73.4 1 1
e-complaint-api/usecases/complaint/complaint.go:73.9,75.4 1 1
e-complaint-api/usecases/complaint/complaint.go:77.3,77.33 1 1
e-complaint-api/usecases/complaint/complaint.go:77.33,79.4 1 1
e-complaint-api/usecases/complaint/complaint.go:79.9,81.4 1 1
e-complaint-api/usecases/complaint/complaint.go:82.8,89.3 6 1
e-complaint-api/usecases/complaint/complaint.go:90.2,92.22 2 1
e-complaint-api/usecases/complaint/complaint.go:95.75,97.16 2 1
e-complaint-api/usecases/complaint/complaint.go:97.16,99.3 1 1
e-complaint-api/usecases/complaint/complaint.go:101.2,101.23 1 1
e-complaint-api/usecases/complaint/complaint.go:104.82,106.16 2 1
e-complaint-api/usecases/complaint/complaint.go:106.16,108.3 1 1
e-complaint-api/usecases/complaint/complaint.go:110.2,110.24 1 1
e-complaint-api/usecases/complaint/complaint.go:113.94,114.194 1 1
e-complaint-api/usecases/complaint/complaint.go:114.194,116.3 1 1
e-complaint-api/usecases/complaint/complaint.go:117.2,120.16 3 1
e-complaint-api/usecases/complaint/complaint.go:120.16,121.71 1 1
e-complaint-api/usecases/complaint/complaint.go:121.71,123.4 1 1
e-complaint-api/usecases/complaint/complaint.go:123.9,123.79 1 1
e-complaint-api/usecases/complaint/complaint.go:123.79,125.4 1 1
e-complaint-api/usecases/complaint/complaint.go:125.9,127.4 1 1
e-complaint-api/usecases/complaint/complaint.go:130.2,130.24 1 1
e-complaint-api/usecases/complaint/complaint.go:133.77,134.46 1 1
e-complaint-api/usecases/complaint/complaint.go:134.46,136.17 2 1
e-complaint-api/usecases/complaint/complaint.go:136.17,138.4 1 1
e-complaint-api/usecases/complaint/complaint.go:139.8,141.17 2 1
e-complaint-api/usecases/complaint/complaint.go:141.17,143.4 1 1
e-complaint-api/usecases/complaint/complaint.go:146.2,146.12 1 1
e-complaint-api/usecases/complaint/complaint.go:149.93,150.194 1 1
e-complaint-api/usecases/complaint/complaint.go:150.194,152.3 1 1
e-complaint-api/usecases/complaint/complaint.go:154.2,155.16 2 1
e-complaint-api/usecases/complaint/complaint.go:155.16,156.71 1 1
e-complaint-api/usecases/complaint/complaint.go:156.71,158.4 1 1
e-complaint-api/usecases/complaint/complaint.go:158.9,158.79 1 1
e-complaint-api/usecases/complaint/complaint.go:158.79,160.4 1 1
e-complaint-api/usecases/complaint/complaint.go:160.9,162.4 1 1
e-complaint-api/usecases/complaint/complaint.go:165.2,165.23 1 1
e-complaint-api/usecases/complaint/complaint.go:168.73,169.124 1 1
e-complaint-api/usecases/complaint/complaint.go:169.124,171.3 1 1
e-complaint-api/usecases/complaint/complaint.go:173.2,173.14 1 1
e-complaint-api/usecases/complaint/complaint.go:173.14,175.3 1 1
e-complaint-api/usecases/complaint/complaint.go:177.2,178.16 2 1
e-complaint-api/usecases/complaint/complaint.go:178.16,180.3 1 1
e-complaint-api/usecases/complaint/complaint.go:182.2,182.12 1 1
e-complaint-api/usecases/complaint/complaint.go:185.69,187.16 2 1
e-complaint-api/usecases/complaint/complaint.go:187.16,189.3 1 1
e-complaint-api/usecases/complaint/complaint.go:191.2,196.27 4 1
e-complaint-api/usecases/complaint/complaint.go:196.27,197.13 1 1
e-complaint-api/usecases/complaint/complaint.go:197.13,199.12 1 1
e-complaint-api/usecases/complaint/complaint.go:202.3,202.19 1 1
e-complaint-api/usecases/complaint/complaint.go:202.19,205.4 1 1
e-complaint-api/usecases/complaint/complaint.go:207.3,208.17 2 1
e-complaint-api/usecases/complaint/complaint.go:208.17,210.4 1 1
e-complaint-api/usecases/complaint/complaint.go:212.3,213.17 2 1
e-complaint-api/usecases/complaint/complaint.go:213.17,215.4 1 1
e-complaint-api/usecases/complaint/complaint.go:217.3,226.29 9 1
e-complaint-api/usecases/complaint/complaint.go:226.29,237.4 2 1
e-complaint-api/usecases/complaint/complaint.go:237.9,237.37 1 1
e-complaint-api/usecases/complaint/complaint.go:237.37,253.4 3 1
e-complaint-api/usecases/complaint/complaint.go:253.9,253.33 1 1
e-complaint-api/usecases/complaint/complaint.go:253.33,274.4 4 1
e-complaint-api/usecases/complaint/complaint.go:274.9,274.33 1 1
e-complaint-api/usecases/complaint/complaint.go:274.33,285.4 2 1
e-complaint-api/usecases/complaint/complaint.go:285.9,285.33 1 1
e-complaint-api/usecases/complaint/complaint.go:285.33,291.4 1 1
e-complaint-api/usecases/complaint/complaint.go:294.3,296.30 3 1
e-complaint-api/usecases/complaint/complaint.go:296.30,302.4 2 1
e-complaint-api/usecases/complaint/complaint.go:304.3,318.45 2 1
e-complaint-api/usecases/complaint/complaint.go:322.2,323.16 2 1
e-complaint-api/usecases/complaint/complaint.go:323.16,325.3 1 1
e-complaint-api/usecases/complaint/complaint.go:327.2,327.12 1 1
e-complaint-api/usecases/complaint/complaint.go:330.64,332.16 2 1
e-complaint-api/usecases/complaint/complaint.go:332.16,334.3 1 1
e-complaint-api/usecases/complaint/complaint.go:336.2,336.12 1 1
e-complaint-api/usecases/complaint/complaint.go:339.64,341.16 2 1
e-complaint-api/usecases/complaint/complaint.go:341.16,343.3 1 1
e-complaint-api/usecases/complaint/complaint.go:345.2,345.12 1 1
e-complaint-api/usecases/complaint/complaint.go:348.82,350.16 2 1
e-complaint-api/usecases/complaint/complaint.go:350.16,352.3 1 1
e-complaint-api/usecases/complaint/complaint.go:354.2,354.26 1 1
e-complaint-api/usecases/complaint_file/complaint_file.go:13.153,18.2 1 1
e-complaint-api/usecases/complaint_file/complaint_file.go:20.124,22.23 2 1
e-complaint-api/usecases/complaint_file/complaint_file.go:22.23,24.3 1 1
e-complaint-api/usecases/complaint_file/complaint_file.go:26.2,27.37 2 1
e-complaint-api/usecases/complaint_file/complaint_file.go:27.37,33.3 2 1
e-complaint-api/usecases/complaint_file/complaint_file.go:35.2,36.23 2 1
e-complaint-api/usecases/complaint_file/complaint_file.go:36.23,38.3 1 1
e-complaint-api/usecases/complaint_file/complaint_file.go:40.2,41.36 2 1
e-complaint-api/usecases/complaint_file/complaint_file.go:41.36,43.3 1 1
e-complaint-api/usecases/complaint_file/complaint_file.go:45.2,45.37 1 1
e-complaint-api/usecases/complaint_file/complaint_file.go:48.78,50.23 2 1
e-complaint-api/usecases/complaint_file/complaint_file.go:50.23,52.3 1 1
e-complaint-api/usecases/complaint_file/complaint_file.go:54.2,54.12 1 1
e-complaint-api/usecases/complaint_like/complaint_like.go:11.100,15.2 1 1
e-complaint-api/usecases/complaint_like/complaint_like.go:17.98,19.16 2 1
e-complaint-api/usecases/complaint_like/complaint_like.go:19.16,21.3 1 1
e-complaint-api/usecases/complaint_like/complaint_like.go:23.2,24.34 2 1
e-complaint-api/usecases/complaint_like/complaint_like.go:24.34,27.3 2 1
e-complaint-api/usecases/complaint_like/complaint_like.go:27.8,31.3 3 1
e-complaint-api/usecases/complaint_like/complaint_like.go:33.2,33.16 1 1
e-complaint-api/usecases/complaint_like/complaint_like.go:33.16,35.3 1 1
e-complaint-api/usecases/complaint_like/complaint_like.go:37.2,37.24 1 1
e-complaint-api/usecases/dashboard/dashboard.go:19.82,21.2 1 1
e-complaint-api/usecases/dashboard/dashboard.go:23.65,25.2 1 1
e-complaint-api/usecases/dashboard/dashboard.go:27.79,29.2 1 1
e-complaint-api/usecases/dashboard/dashboard.go:31.95,33.2 1 1
e-complaint-api/usecases/dashboard/dashboard.go:35.90,37.2 1 1
e-complaint-api/usecases/discussion/discussion.go:15.191,21.2 1 1
e-complaint-api/usecases/discussion/discussion.go:23.75,24.30 1 1
e-complaint-api/usecases/discussion/discussion.go:24.30,26.3 1 1
e-complaint-api/usecases/discussion/discussion.go:28.2,29.16 2 1
e-complaint-api/usecases/discussion/discussion.go:29.16,31.3 1 1
e-complaint-api/usecases/discussion/discussion.go:33.2,33.12 1 1
e-complaint-api/usecases/discussion/discussion.go:36.75,38.16 2 1
e-complaint-api/usecases/discussion/discussion.go:38.16,40.3 1 1
e-complaint-api/usecases/discussion/discussion.go:42.2,42.24 1 1
e-complaint-api/usecases/discussion/discussion.go:45.98,47.16 2 1
e-complaint-api/usecases/discussion/discussion.go:47.16,49.3 1 1
e-complaint-api/usecases/discussion/discussion.go:51.2,51.25 1 1
e-complaint-api/usecases/discussion/discussion.go:54.75,55.30 1 1
e-complaint-api/usecases/discussion/discussion.go:55.30,57.3 1 1
e-complaint-api/usecases/discussion/discussion.go:58.2,59.16 2 1
e-complaint-api/usecases/discussion/discussion.go:59.16,61.3 1 1
e-complaint-api/usecases/discussion/discussion.go:63.2,63.12 1 1
e-complaint-api/usecases/discussion/discussion.go:66.50,68.16 2 1
e-complaint-api/usecases/discussion/discussion.go:68.16,70.3 1 1
e-complaint-api/usecases/discussion/discussion.go:72.2,72.12 1 1
e-complaint-api/usecases/discussion/discussion.go:75.89,77.16 2 1
e-complaint-api/usecases/discussion/discussion.go:77.16,79.3 1 1
e-complaint-api/usecases/discussion/discussion.go:81.2,82.16 2 1
e-complaint-api/usecases/discussion/discussion.go:82.16,84.3 1 1
e-complaint-api/usecases/discussion/discussion.go:86.2,88.24 3 1
e-complaint-api/usecases/discussion/discussion.go:88.24,92.3 3 1
e-complaint-api/usecases/discussion/discussion.go:93.2,95.24 2 1
e-complaint-api/usecases/discussion/discussion.go:95.24,97.34 2 1
e-complaint-api/usecases/discussion/discussion.go:97.34,98.23 1 1
e-complaint-api/usecases/discussion/discussion.go:98.23,102.5 3 1
e-complaint-api/usecases/discussion/discussion.go:102.10,106.5 3 1
e-complaint-api/usecases/discussion/discussion.go:108.3,108.35 1 1
e-complaint-api/usecases/discussion/discussion.go:111.2,114.16 3 1
e-complaint-api/usecases/discussion/discussion.go:114.16,116.3 1 1
e-complaint-api/usecases/discussion/discussion.go:118.2,118.25 1 1
e-complaint-api/usecases/complaint_process/complaint_process.go:14.174,19.2 1 1
e-complaint-api/usecases/complaint_process/complaint_process.go:21.122,22.69 1 1
e-complaint-api/usecases/complaint_process/complaint_process.go:22.69,24.3 1 1
e-complaint-api/usecases/complaint_process/complaint_process.go:26.2,26.209 1 1
e-complaint-api/usecases/complaint_process/complaint_process.go:26.209,28.3 1 1
e-complaint-api/usecases/complaint_process/complaint_process.go:30.2,31.16 2 1
e-complaint-api/usecases/complaint_process/complaint_process.go:31.16,33.3 1 1
e-complaint-api/usecases/complaint_process/complaint_process.go:35.2,35.42 1 1
e-complaint-api/usecases/complaint_process/complaint_process.go:35.42,36.30 1 1
e-complaint-api/usecases/complaint_process/complaint_process.go:36.30,38.4 1 1
e-complaint-api/usecases/complaint_process/complaint_process.go:38.9,38.33 1 1
e-complaint-api/usecases/complaint_process/complaint_process.go:38.33,40.4 1 1
e-complaint-api/usecases/complaint_process/complaint_process.go:41.8,41.52 1 1
e-complaint-api/usecases/complaint_process/complaint_process.go:41.52,42.29 1 1
e-complaint-api/usecases/complaint_process/complaint_process.go:42.29,44.4 1 1
e-complaint-api/usecases/complaint_process/complaint_process.go:44.9,44.33 1 1
e-complaint-api/usecases/complaint_process/complaint_process.go:44.33,46.4 1 1
e-complaint-api/usecases/complaint_process/complaint_process.go:46.9,46.33 1 1
e-complaint-api/usecases/complaint_process/complaint_process.go:46.33,48.4 1 1
e-complaint-api/usecases/complaint_process/complaint_process.go:48.9,48.37 1 1
e-complaint-api/usecases/complaint_process/complaint_process.go:48.37,50.4 1 1
e-complaint-api/usecases/complaint_process/complaint_process.go:51.8,51.53 1 1
e-complaint-api/usecases/complaint_process/complaint_process.go:51.53,52.30 1 1
e-complaint-api/usecases/complaint_process/complaint_process.go:52.30,54.4 1 1
e-complaint-api/usecases/complaint_process/complaint_process.go:54.9,54.33 1 1
e-complaint-api/usecases/complaint_process/complaint_process.go:54.33,56.4 1 1
e-complaint-api/usecases/complaint_process/complaint_process.go:56.9,56.33 1 1
e-complaint-api/usecases/complaint_process/complaint_process.go:56.33,58.4 1 1
e-complaint-api/usecases/complaint_process/complaint_process.go:58.9,58.33 1 1
e-complaint-api/usecases/complaint_process/complaint_process.go:58.33,60.4 1 1
e-complaint-api/usecases/complaint_process/complaint_process.go:61.8,61.49 1 1
e-complaint-api/usecases/complaint_process/complaint_process.go:61.49,62.26 1 1
e-complaint-api/usecases/complaint_process/complaint_process.go:62.26,64.4 1 1
e-complaint-api/usecases/complaint_process/complaint_process.go:64.9,64.33 1 1
e-complaint-api/usecases/complaint_process/complaint_process.go:64.33,66.4 1 1
e-complaint-api/usecases/complaint_process/complaint_process.go:66.9,66.33 1 1
e-complaint-api/usecases/complaint_process/complaint_process.go:66.33,68.4 1 1
e-complaint-api/usecases/complaint_process/complaint_process.go:68.9,68.36 1 1
e-complaint-api/usecases/complaint_process/complaint_process.go:68.36,70.4 1 1
e-complaint-api/usecases/complaint_process/complaint_process.go:71.8,71.49 1 1
e-complaint-api/usecases/complaint_process/complaint_process.go:71.49,72.26 1 1
e-complaint-api/usecases/complaint_process/complaint_process.go:72.26,74.4 1 1
e-complaint-api/usecases/complaint_process/complaint_process.go:74.9,74.33 1 1
e-complaint-api/usecases/complaint_process/complaint_process.go:74.33,76.4 1 1
e-complaint-api/usecases/complaint_process/complaint_process.go:76.9,76.36 1 1
e-complaint-api/usecases/complaint_process/complaint_process.go:76.36,78.4 1 1
e-complaint-api/usecases/complaint_process/complaint_process.go:78.9,78.37 1 1
e-complaint-api/usecases/complaint_process/complaint_process.go:78.37,80.4 1 1
e-complaint-api/usecases/complaint_process/complaint_process.go:83.2,84.16 2 1
e-complaint-api/usecases/complaint_process/complaint_process.go:84.16,85.70 1 1
e-complaint-api/usecases/complaint_process/complaint_process.go:85.70,87.4 1 1
e-complaint-api/usecases/complaint_process/complaint_process.go:87.9,89.4 1 1
e-complaint-api/usecases/complaint_process/complaint_process.go:92.2,92.31 1 1
e-complaint-api/usecases/complaint_process/complaint_process.go:95.109,97.16 2 1
e-complaint-api/usecases/complaint_process/complaint_process.go:97.16,99.3 1 1
e-complaint-api/usecases/complaint_process/complaint_process.go:101.2,101.32 1 1
e-complaint-api/usecases/complaint_process/complaint_process.go:104.122,105.36 1 1
e-complaint-api/usecases/complaint_process/complaint_process.go:105.36,107.3 1 1
e-complaint-api/usecases/complaint_process/complaint_process.go:109.2,110.16 2 1
e-complaint-api/usecases/complaint_process/complaint_process.go:110.16,112.3 1 1
e-complaint-api/usecases/complaint_process/complaint_process.go:114.2,114.31 1 1
e-complaint-api/usecases/complaint_process/complaint_process.go:117.102,118.50 1 1
e-complaint-api/usecases/complaint_process/complaint_process.go:118.50,120.3 1 1
e-complaint-api/usecases/complaint_process/complaint_process.go:122.2,123.16 2 1
e-complaint-api/usecases/complaint_process/complaint_process.go:123.16,125.3 1 1
e-complaint-api/usecases/complaint_process/complaint_process.go:127.2,127.28 1 1
e-complaint-api/usecases/complaint_process/complaint_process.go:127.28,129.3 1 1
e-complaint-api/usecases/complaint_process/complaint_process.go:129.8,129.36 1 1
e-complaint-api/usecases/complaint_process/complaint_process.go:129.36,131.3 1 1
e-complaint-api/usecases/complaint_process/complaint_process.go:131.8,131.32 1 1
e-complaint-api/usecases/complaint_process/complaint_process.go:131.32,133.3 1 1
e-complaint-api/usecases/complaint_process/complaint_process.go:133.8,133.32 1 1
e-complaint-api/usecases/complaint_process/complaint_process.go:133.32,135.3 1 1
e-complaint-api/usecases/complaint_process/complaint_process.go:137.2,137.20 1 1
e-complaint-api/usecases/news_comment/news_comment.go:12.94,16.2 1 1
e-complaint-api/usecases/news_comment/news_comment.go:18.85,21.31 2 1
e-complaint-api/usecases/news_comment/news_comment.go:21.31,23.3 1 1
e-complaint-api/usecases/news_comment/news_comment.go:25.2,25.16 1 1
e-complaint-api/usecases/news_comment/news_comment.go:25.16,27.3 1 1
e-complaint-api/usecases/news_comment/news_comment.go:29.2,29.12 1 1
e-complaint-api/usecases/news_comment/news_comment.go:32.79,34.16 2 1
e-complaint-api/usecases/news_comment/news_comment.go:34.16,36.3 1 1
e-complaint-api/usecases/news_comment/news_comment.go:38.2,38.25 1 1
e-complaint-api/usecases/news_comment/news_comment.go:41.88,43.16 2 1
e-complaint-api/usecases/news_comment/news_comment.go:43.16,45.3 1 1
e-complaint-api/usecases/news_comment/news_comment.go:47.2,47.25 1 1
e-complaint-api/usecases/news_comment/news_comment.go:50.87,52.16 2 1
e-complaint-api/usecases/news_comment/news_comment.go:52.16,54.3 1 1
e-complaint-api/usecases/news_comment/news_comment.go:56.2,56.12 1 1
e-complaint-api/usecases/news_comment/news_comment.go:59.60,61.16 2 1
e-complaint-api/usecases/news_comment/news_comment.go:61.16,63.3 1 1
e-complaint-api/usecases/news_comment/news_comment.go:65.2,65.12 1 1
e-complaint-api/usecases/news/news.go:13.79,17.2 1 1
e-complaint-api/usecases/news/news.go:19.160,20.29 1 1
e-complaint-api/usecases/news/news.go:20.29,22.3 1 1
e-complaint-api/usecases/news/news.go:22.8,22.36 1 1
e-complaint-api/usecases/news/news.go:22.36,24.3 1 1
e-complaint-api/usecases/news/news.go:26.2,26.18 1 1
e-complaint-api/usecases/news/news.go:26.18,28.3 1 1
e-complaint-api/usecases/news/news.go:30.2,30.20 1 1
e-complaint-api/usecases/news/news.go:30.20,32.3 1 1
e-complaint-api/usecases/news/news.go:34.2,35.16 2 1
e-complaint-api/usecases/news/news.go:35.16,37.3 1 1
e-complaint-api/usecases/news/news.go:39.2,39.18 1 1
e-complaint-api/usecases/news/news.go:42.129,46.16 3 1
e-complaint-api/usecases/news/news.go:46.16,48.3 1 1
e-complaint-api/usecases/news/news.go:50.2,50.29 1 1
e-complaint-api/usecases/news/news.go:50.29,54.52 4 1
e-complaint-api/usecases/news/news.go:54.52,56.4 1 1
e-complaint-api/usecases/news/news.go:56.9,58.4 1 1
e-complaint-api/usecases/news/news.go:60.3,60.15 1 1
e-complaint-api/usecases/news/news.go:60.15,62.4 1 1
e-complaint-api/usecases/news/news.go:62.9,64.4 1 1
e-complaint-api/usecases/news/news.go:66.3,66.33 1 1
e-complaint-api/usecases/news/news.go:66.33,68.4 1 1
e-complaint-api/usecases/news/news.go:68.9,70.4 1 1
e-complaint-api/usecases/news/news.go:71.8,78.3 6 1
e-complaint-api/usecases/news/news.go:80.2,82.22 2 1
e-complaint-api/usecases/news/news.go:85.62,87.16 2 1
e-complaint-api/usecases/news/news.go:87.16,89.3 1 1
e-complaint-api/usecases/news/news.go:91.2,91.18 1 1
e-complaint-api/usecases/news/news.go:94.74,95.68 1 1
e-complaint-api/usecases/news/news.go:95.68,97.3 1 1
e-complaint-api/usecases/news/news.go:99.2,100.16 2 1
e-complaint-api/usecases/news/news.go:100.16,101.72 1 1
e-complaint-api/usecases/news/news.go:101.72,103.4 1 1
e-complaint-api/usecases/news/news.go:103.9,105.4 1 1
e-complaint-api/usecases/news/news.go:108.2,108.19 1 1
e-complaint-api/usecases/news/news.go:111.44,113.16 2 1
e-complaint-api/usecases/news/news.go:113.16,115.3 1 1
e-complaint-api/usecases/news/news.go:117.2,117.12 1 1
e-complaint-api/usecases/news/news.go:120.73,121.68 1 1
e-complaint-api/usecases/news/news.go:121.68,123.3 1 1
e-complaint-api/usecases/news/news.go:125.2,126.16 2 1
e-complaint-api/usecases/news/news.go:126.16,127.72 1 1
e-complaint-api/usecases/news/news.go:127.72,129.4 1 1
e-complaint-api/usecases/news/news.go:129.9,131.4 1 1
e-complaint-api/usecases/news/news.go:134.2,134.18 1 1
e-complaint-api/usecases/news_file/news_file.go:13.133,18.2 1 1
e-complaint-api/usecases/news_file/news_file.go:20.106,22.23 2 1
e-complaint-api/usecases/news_file/news_file.go:22.23,24.3 1 1
e-complaint-api/usecases/news_file/news_file.go:26.2,27.37 2 1
e-complaint-api/usecases/news_file/news_file.go:27.37,33.3 2 1
e-complaint-api/usecases/news_file/news_file.go:35.2,36.23 2 1
e-complaint-api/usecases/news_file/news_file.go:36.23,38.3 1 1
e-complaint-api/usecases/news_file/news_file.go:40.2,41.31 2 1
e-complaint-api/usecases/news_file/news_file.go:41.31,43.3 1 1
e-complaint-api/usecases/news_file/news_file.go:45.2,45.32 1 1
e-complaint-api/usecases/news_file/news_file.go:48.60,50.23 2 1
e-complaint-api/usecases/news_file/news_file.go:50.23,52.3 1 1
e-complaint-api/usecases/news_file/news_file.go:54.2,54.12 1 1
e-complaint-api/usecases/news_like/news_like.go:9.85,13.2 1 1
e-complaint-api/usecases/news_like/news_like.go:15.83,18.17 2 1
e-complaint-api/usecases/news_like/news_like.go:18.17,20.17 2 1
e-complaint-api/usecases/news_like/news_like.go:20.17,22.4 1 1
e-complaint-api/usecases/news_like/news_like.go:24.3,24.22 1 1
e-complaint-api/usecases/news_like/news_like.go:27.2,28.16 2 1
e-complaint-api/usecases/news_like/news_like.go:28.16,30.3 1 1
e-complaint-api/usecases/news_like/news_like.go:32.2,32.23 1 1
e-complaint-api/usecases/news_like/news_like.go:35.63,37.16 2 1
e-complaint-api/usecases/news_like/news_like.go:37.16,39.3 1 1
e-complaint-api/usecases/news_like/news_like.go:41.2,41.12 1 1
e-complaint-api/usecases/news_like/news_like.go:44.63,46.16 2 1
e-complaint-api/usecases/news_like/news_like.go:46.16,48.3 1 1
e-complaint-api/usecases/news_like/news_like.go:50.2,50.12 1 1
e-complaint-api/usecases/regency/regency.go:12.82,14.2 1 1
e-complaint-api/usecases/regency/regency.go:16.64,18.16 2 1
e-complaint-api/usecases/regency/regency.go:18.16,20.3 1 1
e-complaint-api/usecases/regency/regency.go:22.2,22.23 1 1
e-complaint-api/usecases/user/user.go:19.160,25.2 1 1
e-complaint-api/usecases/user/user.go:27.76,28.94 1 1
e-complaint-api/usecases/user/user.go:28.94,30.3 1 1
e-complaint-api/usecases/user/user.go:32.2,32.28 1 1
e-complaint-api/usecases/user/user.go:32.28,34.3 1 1
e-complaint-api/usecases/user/user.go:36.2,38.16 2 1
e-complaint-api/usecases/user/user.go:38.16,39.51 1 1
e-complaint-api/usecases/user/user.go:39.51,40.48 1 1
e-complaint-api/usecases/user/user.go:40.48,42.5 1 1
e-complaint-api/usecases/user/user.go:42.10,42.58 1 1
e-complaint-api/usecases/user/user.go:42.58,44.5 1 1
e-complaint-api/usecases/user/user.go:45.9,47.4 1 1
e-complaint-api/usecases/user/user.go:50.2,50.19 1 1
e-complaint-api/usecases/user/user.go:53.73,54.45 1 1
e-complaint-api/usecases/user/user.go:54.45,56.3 1 1
e-complaint-api/usecases/user/user.go:58.2,62.16 3 1
e-complaint-api/usecases/user/user.go:62.16,64.3 1 1
e-complaint-api/usecases/user/user.go:66.2,66.19 1 1
e-complaint-api/usecases/user/user.go:69.63,72.16 2 1
e-complaint-api/usecases/user/user.go:72.16,74.3 1 1
e-complaint-api/usecases/user/user.go:76.2,76.19 1 1
e-complaint-api/usecases/user/user.go:79.67,82.16 2 1
e-complaint-api/usecases/user/user.go:82.16,84.3 1 1
e-complaint-api/usecases/user/user.go:86.2,86.18 1 1
e-complaint-api/usecases/user/user.go:89.86,90.71 1 1
e-complaint-api/usecases/user/user.go:90.71,92.3 1 1
e-complaint-api/usecases/user/user.go:94.2,95.16 2 1
e-complaint-api/usecases/user/user.go:95.16,97.3 1 1
e-complaint-api/usecases/user/user.go:99.2,104.16 5 1
e-complaint-api/usecases/user/user.go:104.16,105.51 1 1
e-complaint-api/usecases/user/user.go:105.51,106.48 1 1
e-complaint-api/usecases/user/user.go:106.48,108.5 1 1
e-complaint-api/usecases/user/user.go:108.10,108.58 1 1
e-complaint-api/usecases/user/user.go:108.58,110.5 1 1
e-complaint-api/usecases/user/user.go:111.9,113.4 1 1
e-complaint-api/usecases/user/user.go:116.2,116.27 1 1
e-complaint-api/usecases/user/user.go:119.92,121.16 2 1
e-complaint-api/usecases/user/user.go:121.16,123.3 1 1
e-complaint-api/usecases/user/user.go:125.2,126.16 2 1
e-complaint-api/usecases/user/user.go:126.16,128.3 1 1
e-complaint-api/usecases/user/user.go:130.2,130.12 1 1
e-complaint-api/usecases/user/user.go:133.44,135.16 2 1
e-complaint-api/usecases/user/user.go:135.16,136.48 1 1
e-complaint-api/usecases/user/user.go:136.48,138.4 1 1
e-complaint-api/usecases/user/user.go:139.3,139.42 1 1
e-complaint-api/usecases/user/user.go:142.2,143.16 2 1
e-complaint-api/usecases/user/user.go:143.16,145.3 1 1
e-complaint-api/usecases/user/user.go:147.2,147.12 1 1
e-complaint-api/usecases/user/user.go:150.72,151.23 1 1
e-complaint-api/usecases/user/user.go:151.23,153.3 1 1
e-complaint-api/usecases/user/user.go:155.2,155.26 1 1
e-complaint-api/usecases/user/user.go:155.26,157.3 1 1
e-complaint-api/usecases/user/user.go:159.2,160.46 2 1
e-complaint-api/usecases/user/user.go:163.61,164.17 1 1
e-complaint-api/usecases/user/user.go:164.17,166.3 1 1
e-complaint-api/usecases/user/user.go:168.2,171.16 3 1
e-complaint-api/usecases/user/user.go:171.16,173.3 1 1
e-complaint-api/usecases/user/user.go:175.2,176.16 2 1
e-complaint-api/usecases/user/user.go:176.16,178.3 1 1
e-complaint-api/usecases/user/user.go:180.2,180.12 1 1
e-complaint-api/usecases/user/user.go:183.68,184.30 1 1
e-complaint-api/usecases/user/user.go:184.30,186.3 1 1
e-complaint-api/usecases/user/user.go:188.2,188.35 1 1
e-complaint-api/usecases/user/user.go:188.35,190.17 2 1
e-complaint-api/usecases/user/user.go:190.17,192.4 1 1
e-complaint-api/usecases/user/user.go:193.8,195.17 2 1
e-complaint-api/usecases/user/user.go:195.17,197.4 1 1
e-complaint-api/usecases/user/user.go:200.2,200.12 1 1
e-complaint-api/usecases/user/user.go:203.77,204.38 1 1
e-complaint-api/usecases/user/user.go:204.38,206.3 1 1
e-complaint-api/usecases/user/user.go:208.2,208.26 1 1
e-complaint-api/usecases/user/user.go:208.26,210.3 1 1
e-complaint-api/usecases/user/user.go:212.2,214.16 3 1
e-complaint-api/usecases/user/user.go:214.16,216.3 1 1
e-complaint-api/usecases/user/user.go:218.2,218.12 1 1
